<?xml version="1.0" encoding="UTF-8"?>
<!-- Generated by org.testng.reporters.JUnitReportReporter -->
<testsuite hostname="DESKTOP-S7UVKMQ" name="Selenium.reporting" tests="1" failures="0" timestamp="13 Aug 2021 03:15:14 GMT" time="0.026" errors="0">
  <testcase name="f1" time="0.026" classname="Selenium.reporting"/>
</testsuite> <!-- Selenium.reporting -->
