<?xml version="1.0" encoding="UTF-8"?>
<!-- Generated by org.testng.reporters.JUnitReportReporter -->
<testsuite hostname="DESKTOP-S7UVKMQ" name="FileHandling.excelReadingByMap" tests="1" failures="0" timestamp="20 Aug 2021 02:54:24 GMT" time="0.011" errors="0">
  <testcase name="dataPrintFromExcelByMap" time="0.011" classname="FileHandling.excelReadingByMap"/>
</testsuite> <!-- FileHandling.excelReadingByMap -->
