<?xml version="1.0" encoding="UTF-8"?>
<!-- Generated by org.testng.reporters.JUnitReportReporter -->
<testsuite hostname="DESKTOP-S7UVKMQ" name="Selenium.Facebook" tests="1" failures="0" timestamp="3 Sep 2021 03:05:15 GMT" time="2.881" errors="0">
  <testcase name="login" time="2.881" classname="Selenium.Facebook"/>
</testsuite> <!-- Selenium.Facebook -->
