<?xml version="1.0" encoding="UTF-8"?>
<!-- Generated by org.testng.reporters.JUnitReportReporter -->
<testsuite hostname="DESKTOP-S7UVKMQ" name="Selenium.NewBrowserWindow" tests="1" failures="0" timestamp="13 Aug 2021 03:26:22 GMT" time="31.861" errors="0">
  <testcase name="login" time="31.861" classname="Selenium.NewBrowserWindow"/>
</testsuite> <!-- Selenium.NewBrowserWindow -->
