<?xml version="1.0" encoding="UTF-8"?>
<!-- Generated by org.testng.reporters.JUnitReportReporter -->
<testsuite hostname="DESKTOP-S7UVKMQ" name="Docker.TestNG_SearchGroup" tests="2" failures="0" timestamp="5 Sep 2021 10:18:18 GMT" time="15.333" errors="0">
  <testcase name="test_BingSearch" time="3.014" classname="Docker.TestNG_SearchGroup"/>
  <testcase name="test_GoogleSearch" time="12.319" classname="Docker.TestNG_SearchGroup"/>
</testsuite> <!-- Docker.TestNG_SearchGroup -->
